<?xml version="1.0" encoding="UTF-8"?>
<!-- Generated by org.testng.reporters.JUnitReportReporter -->
<testsuite skipped="0" hostname="Gajalakshmis-MacBook-Pro.local" name="runner1.TestNgRunner" tests="1" failures="0" timestamp="15 Oct 2017 13:34:25 GMT" time="7.225" errors="0">
  <testcase name="runFeature" time="7.225" classname="runner1.TestNgRunner"/>
</testsuite> <!-- runner1.TestNgRunner -->
